<?xml version="1.0" encoding="UTF-8"?>
<!-- Generated by org.testng.reporters.JUnitReportReporter -->
<testsuite hostname="Joshua" failures="0" tests="1" name="SampleTests.SignUpTest" time="25.164" errors="0" timestamp="16 Jul 2025 02:25:25 GMT" skipped="0">
  <testcase classname="SampleTests.SignUpTest" name="signupTest" time="25.164"/>
</testsuite> <!-- SampleTests.SignUpTest -->
