<?xml version="1.0" encoding="UTF-8"?>
<!-- Generated by org.testng.reporters.JUnitReportReporter -->
<testsuite hostname="Joshua" failures="0" tests="1" name="WingzTests.MyProfileTest" time="21.105" errors="0" timestamp="2025-07-18T15:07:14 PST" skipped="0">
  <testcase classname="WingzTests.MyProfileTest" name="myProfileTest" time="21.105"/>
  <system-out/>
</testsuite> <!-- WingzTests.MyProfileTest -->
