<?xml version="1.0" encoding="UTF-8"?>
<!-- Generated by org.testng.reporters.JUnitReportReporter -->
<testsuite hostname="Joshua" failures="0" tests="1" name="WingzTests.SignInTest" time="7.845" errors="0" timestamp="2025-07-16T19:21:01 PST" skipped="0">
  <testcase classname="WingzTests.SignInTest" name="signInTest" time="7.845"/>
  <system-out/>
</testsuite> <!-- WingzTests.SignInTest -->
