<?xml version="1.0" encoding="UTF-8"?>
<!-- Generated by org.testng.reporters.JUnitReportReporter -->
<testsuite hostname="Joshua" failures="0" tests="1" name="WingzTests.SignUpTest" time="11.420" errors="0" timestamp="2025-07-18T15:07:14 PST" skipped="0">
  <testcase classname="WingzTests.SignUpTest" name="signUpTest" time="11.420"/>
  <system-out/>
</testsuite> <!-- WingzTests.SignUpTest -->
